Project6_2/app/build/intermediates/manifest_merge_blame_file/debug/manifest-merger-blame-debug-report.txt
1<?xml version="1.0" encoding="utf-8"?>
2<manifest xmlns:android="http://schemas.android.com/apk/res/android"
3    package="com.example.project6_2"
4    android:versionCode="1"
5    android:versionName="1.0" >
6
7    <uses-sdk
8        android:minSdkVersion="24"
9        android:targetSdkVersion="33" />
9-->[com.google.android.material:material:1.8.0] AndroidManifest.xml:22:9-38
10
11    <uses-permission android:name="android.permission.INTERNET" />
11-->src\main\AndroidManifest.xml:4:5-67
11-->src\main\AndroidManifest.xml:4:22-64
12
13    <permission
13-->[androidx.core:core:1.9.0] AndroidManifest.xml:22:5-24:47
14        android:name="com.example.project6_2.DYNAMIC_RECEIVER_NOT_EXPORTED_PERMISSION"
14-->[androidx.core:core:1.9.0] AndroidManifest.xml:23:9-81
15        android:protectionLevel="signature" />
15-->[androidx.core:core:1.9.0] AndroidManifest.xml:24:9-44
16
17    <uses-permission android:name="com.example.project6_2.DYNAMIC_RECEIVER_NOT_EXPORTED_PERMISSION" />
17-->[androidx.core:core:1.9.0] AndroidManifest.xml:26:5-97
17-->[androidx.core:core:1.9.0] AndroidManifest.xml:26:22-94
18
19    <application
19-->src\main\AndroidManifest.xml:6:5-23:19
20        android:allowBackup="true"
20-->src\main\AndroidManifest.xml:8:9-35
21        android:appComponentFactory="androidx.core.app.CoreComponentFactory"
21-->[androidx.core:core:1.9.0] AndroidManifest.xml:28:18-86
22        android:debuggable="true"
23        android:extractNativeLibs="false"
24        android:icon="@drawable/emo_im_crying"
24-->src\main\AndroidManifest.xml:9:9-47
25        android:label="쿡북 웹브라우저"
25-->src\main\AndroidManifest.xml:10:9-33
26        android:roundIcon="@drawable/emo_im_crying"
26-->src\main\AndroidManifest.xml:11:9-52
27        android:supportsRtl="true"
27-->src\main\AndroidManifest.xml:12:9-35
28        android:testOnly="true"
29        android:theme="@style/Theme.Project6_2"
29-->src\main\AndroidManifest.xml:13:9-48
30        android:usesCleartextTraffic="true" >
30-->src\main\AndroidManifest.xml:7:9-44
31        <activity
31-->src\main\AndroidManifest.xml:14:9-22:20
32            android:name="com.example.project6_2.MainActivity"
32-->src\main\AndroidManifest.xml:14:19-47
33            android:exported="true"
33-->src\main\AndroidManifest.xml:16:13-36
34            android:label="간단 웹브라우저" >
34-->src\main\AndroidManifest.xml:15:13-37
35            <intent-filter>
35-->src\main\AndroidManifest.xml:17:13-21:29
36                <action android:name="android.intent.action.MAIN" />
36-->src\main\AndroidManifest.xml:18:17-69
36-->src\main\AndroidManifest.xml:18:25-66
37
38                <category android:name="android.intent.category.LAUNCHER" />
38-->src\main\AndroidManifest.xml:20:17-77
38-->src\main\AndroidManifest.xml:20:27-74
39            </intent-filter>
40        </activity>
41
42        <provider
42-->[androidx.emoji2:emoji2:1.2.0] AndroidManifest.xml:24:9-32:20
43            android:name="androidx.startup.InitializationProvider"
43-->[androidx.emoji2:emoji2:1.2.0] AndroidManifest.xml:25:13-67
44            android:authorities="com.example.project6_2.androidx-startup"
44-->[androidx.emoji2:emoji2:1.2.0] AndroidManifest.xml:26:13-68
45            android:exported="false" >
45-->[androidx.emoji2:emoji2:1.2.0] AndroidManifest.xml:27:13-37
46            <meta-data
46-->[androidx.emoji2:emoji2:1.2.0] AndroidManifest.xml:29:13-31:52
47                android:name="androidx.emoji2.text.EmojiCompatInitializer"
47-->[androidx.emoji2:emoji2:1.2.0] AndroidManifest.xml:30:17-75
48                android:value="androidx.startup" />
48-->[androidx.emoji2:emoji2:1.2.0] AndroidManifest.xml:31:17-49
49            <meta-data
49-->[androidx.lifecycle:lifecycle-process:2.4.1] AndroidManifest.xml:31:13-33:52
50                android:name="androidx.lifecycle.ProcessLifecycleInitializer"
50-->[androidx.lifecycle:lifecycle-process:2.4.1] AndroidManifest.xml:32:17-78
51                android:value="androidx.startup" />
51-->[androidx.lifecycle:lifecycle-process:2.4.1] AndroidManifest.xml:33:17-49
52        </provider>
53    </application>
54
55</manifest>